<?xml version="1.0" encoding="UTF-8"?>
<testsuite xmlns:xsi="http://www.w3.org/2001/XMLSchema-instance" xsi:noNamespaceSchemaLocation="https://maven.apache.org/surefire/maven-surefire-plugin/xsd/surefire-test-report.xsd" name="com.gcc.gccmap.test.GeneratorTest" time="0.174" tests="1" errors="0" skipped="0" failures="0">
  <properties>
    <property name="sun.desktop" value="windows"/>
    <property name="awt.toolkit" value="sun.awt.windows.WToolkit"/>
    <property name="file.encoding.pkg" value="sun.io"/>
    <property name="java.specification.version" value="1.8"/>
    <property name="sun.cpu.isalist" value="amd64"/>
    <property name="sun.jnu.encoding" value="GBK"/>
    <property name="java.class.path" value="D:\java_project\gccmap\target\test-classes;D:\java_project\gccmap\target\classes;D:\maven\maven-repo\org\springframework\boot\spring-boot-starter-web\2.6.11\spring-boot-starter-web-2.6.11.jar;D:\maven\maven-repo\org\springframework\boot\spring-boot-starter\2.6.11\spring-boot-starter-2.6.11.jar;D:\maven\maven-repo\org\springframework\boot\spring-boot-starter-logging\2.6.11\spring-boot-starter-logging-2.6.11.jar;D:\maven\maven-repo\ch\qos\logback\logback-classic\1.2.11\logback-classic-1.2.11.jar;D:\maven\maven-repo\ch\qos\logback\logback-core\1.2.11\logback-core-1.2.11.jar;D:\maven\maven-repo\org\apache\logging\log4j\log4j-to-slf4j\2.17.2\log4j-to-slf4j-2.17.2.jar;D:\maven\maven-repo\org\apache\logging\log4j\log4j-api\2.17.2\log4j-api-2.17.2.jar;D:\maven\maven-repo\org\slf4j\jul-to-slf4j\1.7.36\jul-to-slf4j-1.7.36.jar;D:\maven\maven-repo\org\yaml\snakeyaml\1.29\snakeyaml-1.29.jar;D:\maven\maven-repo\org\springframework\boot\spring-boot-starter-json\2.6.11\spring-boot-starter-json-2.6.11.jar;D:\maven\maven-repo\com\fasterxml\jackson\datatype\jackson-datatype-jdk8\2.13.3\jackson-datatype-jdk8-2.13.3.jar;D:\maven\maven-repo\com\fasterxml\jackson\datatype\jackson-datatype-jsr310\2.13.3\jackson-datatype-jsr310-2.13.3.jar;D:\maven\maven-repo\com\fasterxml\jackson\module\jackson-module-parameter-names\2.13.3\jackson-module-parameter-names-2.13.3.jar;D:\maven\maven-repo\org\springframework\spring-web\5.3.22\spring-web-5.3.22.jar;D:\maven\maven-repo\org\springframework\spring-beans\5.3.22\spring-beans-5.3.22.jar;D:\maven\maven-repo\org\springframework\spring-webmvc\5.3.22\spring-webmvc-5.3.22.jar;D:\maven\maven-repo\org\springframework\spring-aop\5.3.22\spring-aop-5.3.22.jar;D:\maven\maven-repo\org\springframework\spring-context\5.3.22\spring-context-5.3.22.jar;D:\maven\maven-repo\org\springframework\spring-expression\5.3.22\spring-expression-5.3.22.jar;D:\maven\maven-repo\org\springframework\boot\spring-boot-devtools\2.6.11\spring-boot-devtools-2.6.11.jar;D:\maven\maven-repo\org\springframework\boot\spring-boot\2.6.11\spring-boot-2.6.11.jar;D:\maven\maven-repo\org\springframework\boot\spring-boot-autoconfigure\2.6.11\spring-boot-autoconfigure-2.6.11.jar;D:\maven\maven-repo\org\springframework\boot\spring-boot-configuration-processor\2.6.11\spring-boot-configuration-processor-2.6.11.jar;D:\maven\maven-repo\org\projectlombok\lombok\1.18.24\lombok-1.18.24.jar;D:\maven\maven-repo\org\springframework\boot\spring-boot-starter-tomcat\2.6.11\spring-boot-starter-tomcat-2.6.11.jar;D:\maven\maven-repo\jakarta\annotation\jakarta.annotation-api\1.3.5\jakarta.annotation-api-1.3.5.jar;D:\maven\maven-repo\org\apache\tomcat\embed\tomcat-embed-core\9.0.65\tomcat-embed-core-9.0.65.jar;D:\maven\maven-repo\org\apache\tomcat\embed\tomcat-embed-el\9.0.65\tomcat-embed-el-9.0.65.jar;D:\maven\maven-repo\org\apache\tomcat\embed\tomcat-embed-websocket\9.0.65\tomcat-embed-websocket-9.0.65.jar;D:\maven\maven-repo\org\springframework\boot\spring-boot-starter-test\2.6.11\spring-boot-starter-test-2.6.11.jar;D:\maven\maven-repo\org\springframework\boot\spring-boot-test\2.6.11\spring-boot-test-2.6.11.jar;D:\maven\maven-repo\org\springframework\boot\spring-boot-test-autoconfigure\2.6.11\spring-boot-test-autoconfigure-2.6.11.jar;D:\maven\maven-repo\com\jayway\jsonpath\json-path\2.6.0\json-path-2.6.0.jar;D:\maven\maven-repo\net\minidev\json-smart\2.4.8\json-smart-2.4.8.jar;D:\maven\maven-repo\net\minidev\accessors-smart\2.4.8\accessors-smart-2.4.8.jar;D:\maven\maven-repo\org\ow2\asm\asm\9.1\asm-9.1.jar;D:\maven\maven-repo\org\slf4j\slf4j-api\1.7.36\slf4j-api-1.7.36.jar;D:\maven\maven-repo\jakarta\xml\bind\jakarta.xml.bind-api\2.3.3\jakarta.xml.bind-api-2.3.3.jar;D:\maven\maven-repo\jakarta\activation\jakarta.activation-api\1.2.2\jakarta.activation-api-1.2.2.jar;D:\maven\maven-repo\org\assertj\assertj-core\3.21.0\assertj-core-3.21.0.jar;D:\maven\maven-repo\org\hamcrest\hamcrest\2.2\hamcrest-2.2.jar;D:\maven\maven-repo\org\junit\jupiter\junit-jupiter\5.8.2\junit-jupiter-5.8.2.jar;D:\maven\maven-repo\org\junit\jupiter\junit-jupiter-api\5.8.2\junit-jupiter-api-5.8.2.jar;D:\maven\maven-repo\org\opentest4j\opentest4j\1.2.0\opentest4j-1.2.0.jar;D:\maven\maven-repo\org\junit\platform\junit-platform-commons\1.8.2\junit-platform-commons-1.8.2.jar;D:\maven\maven-repo\org\apiguardian\apiguardian-api\1.1.2\apiguardian-api-1.1.2.jar;D:\maven\maven-repo\org\junit\jupiter\junit-jupiter-params\5.8.2\junit-jupiter-params-5.8.2.jar;D:\maven\maven-repo\org\junit\jupiter\junit-jupiter-engine\5.8.2\junit-jupiter-engine-5.8.2.jar;D:\maven\maven-repo\org\junit\platform\junit-platform-engine\1.8.2\junit-platform-engine-1.8.2.jar;D:\maven\maven-repo\org\mockito\mockito-core\4.0.0\mockito-core-4.0.0.jar;D:\maven\maven-repo\net\bytebuddy\byte-buddy\1.11.22\byte-buddy-1.11.22.jar;D:\maven\maven-repo\net\bytebuddy\byte-buddy-agent\1.11.22\byte-buddy-agent-1.11.22.jar;D:\maven\maven-repo\org\objenesis\objenesis\3.2\objenesis-3.2.jar;D:\maven\maven-repo\org\mockito\mockito-junit-jupiter\4.0.0\mockito-junit-jupiter-4.0.0.jar;D:\maven\maven-repo\org\skyscreamer\jsonassert\1.5.1\jsonassert-1.5.1.jar;D:\maven\maven-repo\com\vaadin\external\google\android-json\0.0.20131108.vaadin1\android-json-0.0.20131108.vaadin1.jar;D:\maven\maven-repo\org\springframework\spring-core\5.3.22\spring-core-5.3.22.jar;D:\maven\maven-repo\org\springframework\spring-jcl\5.3.22\spring-jcl-5.3.22.jar;D:\maven\maven-repo\org\springframework\spring-test\5.3.22\spring-test-5.3.22.jar;D:\maven\maven-repo\org\xmlunit\xmlunit-core\2.8.4\xmlunit-core-2.8.4.jar;D:\maven\maven-repo\org\springframework\boot\spring-boot-starter-data-redis\2.6.11\spring-boot-starter-data-redis-2.6.11.jar;D:\maven\maven-repo\org\springframework\data\spring-data-redis\2.6.6\spring-data-redis-2.6.6.jar;D:\maven\maven-repo\org\springframework\data\spring-data-keyvalue\2.6.6\spring-data-keyvalue-2.6.6.jar;D:\maven\maven-repo\org\springframework\data\spring-data-commons\2.6.6\spring-data-commons-2.6.6.jar;D:\maven\maven-repo\org\springframework\spring-tx\5.3.22\spring-tx-5.3.22.jar;D:\maven\maven-repo\org\springframework\spring-oxm\5.3.22\spring-oxm-5.3.22.jar;D:\maven\maven-repo\io\lettuce\lettuce-core\6.1.9.RELEASE\lettuce-core-6.1.9.RELEASE.jar;D:\maven\maven-repo\io\netty\netty-common\4.1.79.Final\netty-common-4.1.79.Final.jar;D:\maven\maven-repo\io\netty\netty-handler\4.1.79.Final\netty-handler-4.1.79.Final.jar;D:\maven\maven-repo\io\netty\netty-resolver\4.1.79.Final\netty-resolver-4.1.79.Final.jar;D:\maven\maven-repo\io\netty\netty-buffer\4.1.79.Final\netty-buffer-4.1.79.Final.jar;D:\maven\maven-repo\io\netty\netty-transport-native-unix-common\4.1.79.Final\netty-transport-native-unix-common-4.1.79.Final.jar;D:\maven\maven-repo\io\netty\netty-codec\4.1.79.Final\netty-codec-4.1.79.Final.jar;D:\maven\maven-repo\io\netty\netty-transport\4.1.79.Final\netty-transport-4.1.79.Final.jar;D:\maven\maven-repo\io\projectreactor\reactor-core\3.4.22\reactor-core-3.4.22.jar;D:\maven\maven-repo\org\reactivestreams\reactive-streams\1.0.4\reactive-streams-1.0.4.jar;D:\maven\maven-repo\com\alibaba\fastjson\1.2.83\fastjson-1.2.83.jar;D:\maven\maven-repo\io\jsonwebtoken\jjwt\0.9.0\jjwt-0.9.0.jar;D:\maven\maven-repo\com\fasterxml\jackson\core\jackson-databind\2.13.3\jackson-databind-2.13.3.jar;D:\maven\maven-repo\com\fasterxml\jackson\core\jackson-annotations\2.13.3\jackson-annotations-2.13.3.jar;D:\maven\maven-repo\com\fasterxml\jackson\core\jackson-core\2.13.3\jackson-core-2.13.3.jar;D:\maven\maven-repo\com\baomidou\mybatis-plus-boot-starter\3.4.3\mybatis-plus-boot-starter-3.4.3.jar;D:\maven\maven-repo\com\baomidou\mybatis-plus\3.4.3\mybatis-plus-3.4.3.jar;D:\maven\maven-repo\mysql\mysql-connector-java\8.0.30\mysql-connector-java-8.0.30.jar;D:\maven\maven-repo\com\baomidou\mybatis-plus-generator\3.4.1\mybatis-plus-generator-3.4.1.jar;D:\maven\maven-repo\com\baomidou\mybatis-plus-extension\3.4.1\mybatis-plus-extension-3.4.1.jar;D:\maven\maven-repo\com\baomidou\mybatis-plus-core\3.4.1\mybatis-plus-core-3.4.1.jar;D:\maven\maven-repo\com\baomidou\mybatis-plus-annotation\3.4.1\mybatis-plus-annotation-3.4.1.jar;D:\maven\maven-repo\com\github\jsqlparser\jsqlparser\3.2\jsqlparser-3.2.jar;D:\maven\maven-repo\org\mybatis\mybatis\3.5.6\mybatis-3.5.6.jar;D:\maven\maven-repo\org\mybatis\mybatis-spring\2.0.5\mybatis-spring-2.0.5.jar;D:\maven\maven-repo\org\freemarker\freemarker\2.3.31\freemarker-2.3.31.jar;D:\maven\maven-repo\com\alibaba\druid\1.2.8\druid-1.2.8.jar;D:\maven\maven-repo\org\springframework\boot\spring-boot-starter-jdbc\2.6.11\spring-boot-starter-jdbc-2.6.11.jar;D:\maven\maven-repo\com\zaxxer\HikariCP\4.0.3\HikariCP-4.0.3.jar;D:\maven\maven-repo\org\springframework\spring-jdbc\5.3.22\spring-jdbc-5.3.22.jar;D:\maven\maven-repo\org\springframework\boot\spring-boot-starter-mail\2.6.11\spring-boot-starter-mail-2.6.11.jar;D:\maven\maven-repo\org\springframework\spring-context-support\5.3.22\spring-context-support-5.3.22.jar;D:\maven\maven-repo\com\sun\mail\jakarta.mail\1.6.7\jakarta.mail-1.6.7.jar;D:\maven\maven-repo\com\sun\activation\jakarta.activation\1.2.2\jakarta.activation-1.2.2.jar;D:\maven\maven-repo\org\springframework\boot\spring-boot-starter-validation\2.6.11\spring-boot-starter-validation-2.6.11.jar;D:\maven\maven-repo\org\hibernate\validator\hibernate-validator\6.2.4.Final\hibernate-validator-6.2.4.Final.jar;D:\maven\maven-repo\jakarta\validation\jakarta.validation-api\2.0.2\jakarta.validation-api-2.0.2.jar;D:\maven\maven-repo\org\jboss\logging\jboss-logging\3.4.3.Final\jboss-logging-3.4.3.Final.jar;D:\maven\maven-repo\com\fasterxml\classmate\1.5.1\classmate-1.5.1.jar;D:\maven\maven-repo\com\spring4all\swagger-spring-boot-starter\1.8.0.RELEASE\swagger-spring-boot-starter-1.8.0.RELEASE.jar;D:\maven\maven-repo\io\springfox\springfox-swagger-ui\2.9.2\springfox-swagger-ui-2.9.2.jar;D:\maven\maven-repo\io\springfox\springfox-spring-web\2.9.2\springfox-spring-web-2.9.2.jar;D:\maven\maven-repo\io\springfox\springfox-swagger2\2.9.2\springfox-swagger2-2.9.2.jar;D:\maven\maven-repo\io\swagger\swagger-annotations\1.5.20\swagger-annotations-1.5.20.jar;D:\maven\maven-repo\io\swagger\swagger-models\1.5.20\swagger-models-1.5.20.jar;D:\maven\maven-repo\io\springfox\springfox-spi\2.9.2\springfox-spi-2.9.2.jar;D:\maven\maven-repo\io\springfox\springfox-core\2.9.2\springfox-core-2.9.2.jar;D:\maven\maven-repo\io\springfox\springfox-schema\2.9.2\springfox-schema-2.9.2.jar;D:\maven\maven-repo\io\springfox\springfox-swagger-common\2.9.2\springfox-swagger-common-2.9.2.jar;D:\maven\maven-repo\com\google\guava\guava\20.0\guava-20.0.jar;D:\maven\maven-repo\org\springframework\plugin\spring-plugin-core\1.2.0.RELEASE\spring-plugin-core-1.2.0.RELEASE.jar;D:\maven\maven-repo\org\springframework\plugin\spring-plugin-metadata\1.2.0.RELEASE\spring-plugin-metadata-1.2.0.RELEASE.jar;D:\maven\maven-repo\org\mapstruct\mapstruct\1.2.0.Final\mapstruct-1.2.0.Final.jar;D:\maven\maven-repo\io\springfox\springfox-bean-validators\2.9.2\springfox-bean-validators-2.9.2.jar;D:\maven\maven-repo\commons-codec\commons-codec\1.15\commons-codec-1.15.jar;"/>
    <property name="java.vm.vendor" value="Oracle Corporation"/>
    <property name="sun.arch.data.model" value="64"/>
    <property name="user.variant" value=""/>
    <property name="java.vendor.url" value="http://java.oracle.com/"/>
    <property name="user.timezone" value="Asia/Shanghai"/>
    <property name="java.vm.specification.version" value="1.8"/>
    <property name="os.name" value="Windows 10"/>
    <property name="user.country" value="CN"/>
    <property name="sun.java.launcher" value="SUN_STANDARD"/>
    <property name="sun.boot.library.path" value="D:\Java\jre\bin"/>
    <property name="sun.java.command" value="C:\Users\a1330\AppData\Local\Temp\surefire3723626433204839468\surefirebooter4219218352760738896.jar C:\Users\a1330\AppData\Local\Temp\surefire3723626433204839468 2023-03-20T21-55-44_197-jvmRun1 surefire7796570258740210684tmp surefire_06158753737841758411tmp"/>
    <property name="surefire.test.class.path" value="D:\java_project\gccmap\target\test-classes;D:\java_project\gccmap\target\classes;D:\maven\maven-repo\org\springframework\boot\spring-boot-starter-web\2.6.11\spring-boot-starter-web-2.6.11.jar;D:\maven\maven-repo\org\springframework\boot\spring-boot-starter\2.6.11\spring-boot-starter-2.6.11.jar;D:\maven\maven-repo\org\springframework\boot\spring-boot-starter-logging\2.6.11\spring-boot-starter-logging-2.6.11.jar;D:\maven\maven-repo\ch\qos\logback\logback-classic\1.2.11\logback-classic-1.2.11.jar;D:\maven\maven-repo\ch\qos\logback\logback-core\1.2.11\logback-core-1.2.11.jar;D:\maven\maven-repo\org\apache\logging\log4j\log4j-to-slf4j\2.17.2\log4j-to-slf4j-2.17.2.jar;D:\maven\maven-repo\org\apache\logging\log4j\log4j-api\2.17.2\log4j-api-2.17.2.jar;D:\maven\maven-repo\org\slf4j\jul-to-slf4j\1.7.36\jul-to-slf4j-1.7.36.jar;D:\maven\maven-repo\org\yaml\snakeyaml\1.29\snakeyaml-1.29.jar;D:\maven\maven-repo\org\springframework\boot\spring-boot-starter-json\2.6.11\spring-boot-starter-json-2.6.11.jar;D:\maven\maven-repo\com\fasterxml\jackson\datatype\jackson-datatype-jdk8\2.13.3\jackson-datatype-jdk8-2.13.3.jar;D:\maven\maven-repo\com\fasterxml\jackson\datatype\jackson-datatype-jsr310\2.13.3\jackson-datatype-jsr310-2.13.3.jar;D:\maven\maven-repo\com\fasterxml\jackson\module\jackson-module-parameter-names\2.13.3\jackson-module-parameter-names-2.13.3.jar;D:\maven\maven-repo\org\springframework\spring-web\5.3.22\spring-web-5.3.22.jar;D:\maven\maven-repo\org\springframework\spring-beans\5.3.22\spring-beans-5.3.22.jar;D:\maven\maven-repo\org\springframework\spring-webmvc\5.3.22\spring-webmvc-5.3.22.jar;D:\maven\maven-repo\org\springframework\spring-aop\5.3.22\spring-aop-5.3.22.jar;D:\maven\maven-repo\org\springframework\spring-context\5.3.22\spring-context-5.3.22.jar;D:\maven\maven-repo\org\springframework\spring-expression\5.3.22\spring-expression-5.3.22.jar;D:\maven\maven-repo\org\springframework\boot\spring-boot-devtools\2.6.11\spring-boot-devtools-2.6.11.jar;D:\maven\maven-repo\org\springframework\boot\spring-boot\2.6.11\spring-boot-2.6.11.jar;D:\maven\maven-repo\org\springframework\boot\spring-boot-autoconfigure\2.6.11\spring-boot-autoconfigure-2.6.11.jar;D:\maven\maven-repo\org\springframework\boot\spring-boot-configuration-processor\2.6.11\spring-boot-configuration-processor-2.6.11.jar;D:\maven\maven-repo\org\projectlombok\lombok\1.18.24\lombok-1.18.24.jar;D:\maven\maven-repo\org\springframework\boot\spring-boot-starter-tomcat\2.6.11\spring-boot-starter-tomcat-2.6.11.jar;D:\maven\maven-repo\jakarta\annotation\jakarta.annotation-api\1.3.5\jakarta.annotation-api-1.3.5.jar;D:\maven\maven-repo\org\apache\tomcat\embed\tomcat-embed-core\9.0.65\tomcat-embed-core-9.0.65.jar;D:\maven\maven-repo\org\apache\tomcat\embed\tomcat-embed-el\9.0.65\tomcat-embed-el-9.0.65.jar;D:\maven\maven-repo\org\apache\tomcat\embed\tomcat-embed-websocket\9.0.65\tomcat-embed-websocket-9.0.65.jar;D:\maven\maven-repo\org\springframework\boot\spring-boot-starter-test\2.6.11\spring-boot-starter-test-2.6.11.jar;D:\maven\maven-repo\org\springframework\boot\spring-boot-test\2.6.11\spring-boot-test-2.6.11.jar;D:\maven\maven-repo\org\springframework\boot\spring-boot-test-autoconfigure\2.6.11\spring-boot-test-autoconfigure-2.6.11.jar;D:\maven\maven-repo\com\jayway\jsonpath\json-path\2.6.0\json-path-2.6.0.jar;D:\maven\maven-repo\net\minidev\json-smart\2.4.8\json-smart-2.4.8.jar;D:\maven\maven-repo\net\minidev\accessors-smart\2.4.8\accessors-smart-2.4.8.jar;D:\maven\maven-repo\org\ow2\asm\asm\9.1\asm-9.1.jar;D:\maven\maven-repo\org\slf4j\slf4j-api\1.7.36\slf4j-api-1.7.36.jar;D:\maven\maven-repo\jakarta\xml\bind\jakarta.xml.bind-api\2.3.3\jakarta.xml.bind-api-2.3.3.jar;D:\maven\maven-repo\jakarta\activation\jakarta.activation-api\1.2.2\jakarta.activation-api-1.2.2.jar;D:\maven\maven-repo\org\assertj\assertj-core\3.21.0\assertj-core-3.21.0.jar;D:\maven\maven-repo\org\hamcrest\hamcrest\2.2\hamcrest-2.2.jar;D:\maven\maven-repo\org\junit\jupiter\junit-jupiter\5.8.2\junit-jupiter-5.8.2.jar;D:\maven\maven-repo\org\junit\jupiter\junit-jupiter-api\5.8.2\junit-jupiter-api-5.8.2.jar;D:\maven\maven-repo\org\opentest4j\opentest4j\1.2.0\opentest4j-1.2.0.jar;D:\maven\maven-repo\org\junit\platform\junit-platform-commons\1.8.2\junit-platform-commons-1.8.2.jar;D:\maven\maven-repo\org\apiguardian\apiguardian-api\1.1.2\apiguardian-api-1.1.2.jar;D:\maven\maven-repo\org\junit\jupiter\junit-jupiter-params\5.8.2\junit-jupiter-params-5.8.2.jar;D:\maven\maven-repo\org\junit\jupiter\junit-jupiter-engine\5.8.2\junit-jupiter-engine-5.8.2.jar;D:\maven\maven-repo\org\junit\platform\junit-platform-engine\1.8.2\junit-platform-engine-1.8.2.jar;D:\maven\maven-repo\org\mockito\mockito-core\4.0.0\mockito-core-4.0.0.jar;D:\maven\maven-repo\net\bytebuddy\byte-buddy\1.11.22\byte-buddy-1.11.22.jar;D:\maven\maven-repo\net\bytebuddy\byte-buddy-agent\1.11.22\byte-buddy-agent-1.11.22.jar;D:\maven\maven-repo\org\objenesis\objenesis\3.2\objenesis-3.2.jar;D:\maven\maven-repo\org\mockito\mockito-junit-jupiter\4.0.0\mockito-junit-jupiter-4.0.0.jar;D:\maven\maven-repo\org\skyscreamer\jsonassert\1.5.1\jsonassert-1.5.1.jar;D:\maven\maven-repo\com\vaadin\external\google\android-json\0.0.20131108.vaadin1\android-json-0.0.20131108.vaadin1.jar;D:\maven\maven-repo\org\springframework\spring-core\5.3.22\spring-core-5.3.22.jar;D:\maven\maven-repo\org\springframework\spring-jcl\5.3.22\spring-jcl-5.3.22.jar;D:\maven\maven-repo\org\springframework\spring-test\5.3.22\spring-test-5.3.22.jar;D:\maven\maven-repo\org\xmlunit\xmlunit-core\2.8.4\xmlunit-core-2.8.4.jar;D:\maven\maven-repo\org\springframework\boot\spring-boot-starter-data-redis\2.6.11\spring-boot-starter-data-redis-2.6.11.jar;D:\maven\maven-repo\org\springframework\data\spring-data-redis\2.6.6\spring-data-redis-2.6.6.jar;D:\maven\maven-repo\org\springframework\data\spring-data-keyvalue\2.6.6\spring-data-keyvalue-2.6.6.jar;D:\maven\maven-repo\org\springframework\data\spring-data-commons\2.6.6\spring-data-commons-2.6.6.jar;D:\maven\maven-repo\org\springframework\spring-tx\5.3.22\spring-tx-5.3.22.jar;D:\maven\maven-repo\org\springframework\spring-oxm\5.3.22\spring-oxm-5.3.22.jar;D:\maven\maven-repo\io\lettuce\lettuce-core\6.1.9.RELEASE\lettuce-core-6.1.9.RELEASE.jar;D:\maven\maven-repo\io\netty\netty-common\4.1.79.Final\netty-common-4.1.79.Final.jar;D:\maven\maven-repo\io\netty\netty-handler\4.1.79.Final\netty-handler-4.1.79.Final.jar;D:\maven\maven-repo\io\netty\netty-resolver\4.1.79.Final\netty-resolver-4.1.79.Final.jar;D:\maven\maven-repo\io\netty\netty-buffer\4.1.79.Final\netty-buffer-4.1.79.Final.jar;D:\maven\maven-repo\io\netty\netty-transport-native-unix-common\4.1.79.Final\netty-transport-native-unix-common-4.1.79.Final.jar;D:\maven\maven-repo\io\netty\netty-codec\4.1.79.Final\netty-codec-4.1.79.Final.jar;D:\maven\maven-repo\io\netty\netty-transport\4.1.79.Final\netty-transport-4.1.79.Final.jar;D:\maven\maven-repo\io\projectreactor\reactor-core\3.4.22\reactor-core-3.4.22.jar;D:\maven\maven-repo\org\reactivestreams\reactive-streams\1.0.4\reactive-streams-1.0.4.jar;D:\maven\maven-repo\com\alibaba\fastjson\1.2.83\fastjson-1.2.83.jar;D:\maven\maven-repo\io\jsonwebtoken\jjwt\0.9.0\jjwt-0.9.0.jar;D:\maven\maven-repo\com\fasterxml\jackson\core\jackson-databind\2.13.3\jackson-databind-2.13.3.jar;D:\maven\maven-repo\com\fasterxml\jackson\core\jackson-annotations\2.13.3\jackson-annotations-2.13.3.jar;D:\maven\maven-repo\com\fasterxml\jackson\core\jackson-core\2.13.3\jackson-core-2.13.3.jar;D:\maven\maven-repo\com\baomidou\mybatis-plus-boot-starter\3.4.3\mybatis-plus-boot-starter-3.4.3.jar;D:\maven\maven-repo\com\baomidou\mybatis-plus\3.4.3\mybatis-plus-3.4.3.jar;D:\maven\maven-repo\mysql\mysql-connector-java\8.0.30\mysql-connector-java-8.0.30.jar;D:\maven\maven-repo\com\baomidou\mybatis-plus-generator\3.4.1\mybatis-plus-generator-3.4.1.jar;D:\maven\maven-repo\com\baomidou\mybatis-plus-extension\3.4.1\mybatis-plus-extension-3.4.1.jar;D:\maven\maven-repo\com\baomidou\mybatis-plus-core\3.4.1\mybatis-plus-core-3.4.1.jar;D:\maven\maven-repo\com\baomidou\mybatis-plus-annotation\3.4.1\mybatis-plus-annotation-3.4.1.jar;D:\maven\maven-repo\com\github\jsqlparser\jsqlparser\3.2\jsqlparser-3.2.jar;D:\maven\maven-repo\org\mybatis\mybatis\3.5.6\mybatis-3.5.6.jar;D:\maven\maven-repo\org\mybatis\mybatis-spring\2.0.5\mybatis-spring-2.0.5.jar;D:\maven\maven-repo\org\freemarker\freemarker\2.3.31\freemarker-2.3.31.jar;D:\maven\maven-repo\com\alibaba\druid\1.2.8\druid-1.2.8.jar;D:\maven\maven-repo\org\springframework\boot\spring-boot-starter-jdbc\2.6.11\spring-boot-starter-jdbc-2.6.11.jar;D:\maven\maven-repo\com\zaxxer\HikariCP\4.0.3\HikariCP-4.0.3.jar;D:\maven\maven-repo\org\springframework\spring-jdbc\5.3.22\spring-jdbc-5.3.22.jar;D:\maven\maven-repo\org\springframework\boot\spring-boot-starter-mail\2.6.11\spring-boot-starter-mail-2.6.11.jar;D:\maven\maven-repo\org\springframework\spring-context-support\5.3.22\spring-context-support-5.3.22.jar;D:\maven\maven-repo\com\sun\mail\jakarta.mail\1.6.7\jakarta.mail-1.6.7.jar;D:\maven\maven-repo\com\sun\activation\jakarta.activation\1.2.2\jakarta.activation-1.2.2.jar;D:\maven\maven-repo\org\springframework\boot\spring-boot-starter-validation\2.6.11\spring-boot-starter-validation-2.6.11.jar;D:\maven\maven-repo\org\hibernate\validator\hibernate-validator\6.2.4.Final\hibernate-validator-6.2.4.Final.jar;D:\maven\maven-repo\jakarta\validation\jakarta.validation-api\2.0.2\jakarta.validation-api-2.0.2.jar;D:\maven\maven-repo\org\jboss\logging\jboss-logging\3.4.3.Final\jboss-logging-3.4.3.Final.jar;D:\maven\maven-repo\com\fasterxml\classmate\1.5.1\classmate-1.5.1.jar;D:\maven\maven-repo\com\spring4all\swagger-spring-boot-starter\1.8.0.RELEASE\swagger-spring-boot-starter-1.8.0.RELEASE.jar;D:\maven\maven-repo\io\springfox\springfox-swagger-ui\2.9.2\springfox-swagger-ui-2.9.2.jar;D:\maven\maven-repo\io\springfox\springfox-spring-web\2.9.2\springfox-spring-web-2.9.2.jar;D:\maven\maven-repo\io\springfox\springfox-swagger2\2.9.2\springfox-swagger2-2.9.2.jar;D:\maven\maven-repo\io\swagger\swagger-annotations\1.5.20\swagger-annotations-1.5.20.jar;D:\maven\maven-repo\io\swagger\swagger-models\1.5.20\swagger-models-1.5.20.jar;D:\maven\maven-repo\io\springfox\springfox-spi\2.9.2\springfox-spi-2.9.2.jar;D:\maven\maven-repo\io\springfox\springfox-core\2.9.2\springfox-core-2.9.2.jar;D:\maven\maven-repo\io\springfox\springfox-schema\2.9.2\springfox-schema-2.9.2.jar;D:\maven\maven-repo\io\springfox\springfox-swagger-common\2.9.2\springfox-swagger-common-2.9.2.jar;D:\maven\maven-repo\com\google\guava\guava\20.0\guava-20.0.jar;D:\maven\maven-repo\org\springframework\plugin\spring-plugin-core\1.2.0.RELEASE\spring-plugin-core-1.2.0.RELEASE.jar;D:\maven\maven-repo\org\springframework\plugin\spring-plugin-metadata\1.2.0.RELEASE\spring-plugin-metadata-1.2.0.RELEASE.jar;D:\maven\maven-repo\org\mapstruct\mapstruct\1.2.0.Final\mapstruct-1.2.0.Final.jar;D:\maven\maven-repo\io\springfox\springfox-bean-validators\2.9.2\springfox-bean-validators-2.9.2.jar;D:\maven\maven-repo\commons-codec\commons-codec\1.15\commons-codec-1.15.jar;"/>
    <property name="sun.cpu.endian" value="little"/>
    <property name="user.home" value="C:\Users\a1330"/>
    <property name="user.language" value="zh"/>
    <property name="java.specification.vendor" value="Oracle Corporation"/>
    <property name="java.home" value="D:\Java\jre"/>
    <property name="basedir" value="D:\java_project\gccmap"/>
    <property name="file.separator" value="\"/>
    <property name="line.separator" value="&#10;"/>
    <property name="java.vm.specification.vendor" value="Oracle Corporation"/>
    <property name="java.specification.name" value="Java Platform API Specification"/>
    <property name="java.awt.graphicsenv" value="sun.awt.Win32GraphicsEnvironment"/>
    <property name="surefire.real.class.path" value="C:\Users\a1330\AppData\Local\Temp\surefire3723626433204839468\surefirebooter4219218352760738896.jar"/>
    <property name="sun.boot.class.path" value="D:\Java\jre\lib\resources.jar;D:\Java\jre\lib\rt.jar;D:\Java\jre\lib\sunrsasign.jar;D:\Java\jre\lib\jsse.jar;D:\Java\jre\lib\jce.jar;D:\Java\jre\lib\charsets.jar;D:\Java\jre\lib\jfr.jar;D:\Java\jre\classes"/>
    <property name="user.script" value=""/>
    <property name="sun.management.compiler" value="HotSpot 64-Bit Tiered Compilers"/>
    <property name="java.runtime.version" value="1.8.0_333-b02"/>
    <property name="user.name" value="a1330"/>
    <property name="path.separator" value=";"/>
    <property name="os.version" value="10.0"/>
    <property name="java.endorsed.dirs" value="D:\Java\jre\lib\endorsed"/>
    <property name="java.runtime.name" value="Java(TM) SE Runtime Environment"/>
    <property name="file.encoding" value="GBK"/>
    <property name="java.vm.name" value="Java HotSpot(TM) 64-Bit Server VM"/>
    <property name="localRepository" value="D:\maven\maven-repo"/>
    <property name="java.vendor.url.bug" value="http://bugreport.sun.com/bugreport/"/>
    <property name="java.io.tmpdir" value="C:\Users\a1330\AppData\Local\Temp\"/>
    <property name="idea.version" value="2021.1.1"/>
    <property name="java.version" value="1.8.0_333"/>
    <property name="user.dir" value="D:\java_project\gccmap"/>
    <property name="os.arch" value="amd64"/>
    <property name="java.vm.specification.name" value="Java Virtual Machine Specification"/>
    <property name="java.awt.printerjob" value="sun.awt.windows.WPrinterJob"/>
    <property name="sun.os.patch.level" value=""/>
    <property name="java.library.path" value="D:\Java\jre\bin;C:\WINDOWS\Sun\Java\bin;C:\WINDOWS\system32;C:\WINDOWS;D:\VMware\bin\;C:\Program Files (x86)\Common Files\Oracle\Java\javapath;C:\WINDOWS\system32;C:\WINDOWS;C:\WINDOWS\System32\Wbem;C:\WINDOWS\System32\WindowsPowerShell\v1.0\;C:\WINDOWS\System32\OpenSSH\;C:\Program Files\NVIDIA Corporation\NVIDIA NvDLISR;C:\WINDOWS\system32;C:\WINDOWS;C:\WINDOWS\System32\Wbem;C:\WINDOWS\System32\WindowsPowerShell\v1.0\;C:\WINDOWS\System32\OpenSSH\;C:\Program Files\dotnet\;D:\xShell\;D:\xftp\;D:\nodejs\;C:\Program Files\Git\cmd;D:\java\bin;C:\Users\a1330\AppData\Local\Microsoft\WindowsApps;D:\vs\Microsoft VS Code\bin;D:\BaiduNetdiskDownload\mingw64\bin;D:\mysql\mysql-5.7.38-winx64\bin;D:\Mysql 8.0\bin;D:\tomcat\apache-tomcat-10.0.23\bin;D:\maven\apache-maven-3.6.3\bin;C:\Users\a1330\.dotnet\tools;D:\tomcat\apache-tomcat-9.0.68\bin;C:\Users\a1330\AppData\Roaming\npm;;."/>
    <property name="java.vm.info" value="mixed mode"/>
    <property name="java.vendor" value="Oracle Corporation"/>
    <property name="java.vm.version" value="25.333-b02"/>
    <property name="java.ext.dirs" value="D:\Java\jre\lib\ext;C:\WINDOWS\Sun\Java\lib\ext"/>
    <property name="sun.io.unicode.encoding" value="UnicodeLittle"/>
    <property name="maven.repo.local" value="D:\maven\maven-repo"/>
    <property name="java.class.version" value="52.0"/>
  </properties>
  <testcase name="generate" classname="com.gcc.gccmap.test.GeneratorTest" time="0.173"/>
</testsuite>